
<!DOCTYPE html>
<html>


<head>
	<meta charset='UTF-8' /> 
	<meta name='description' content='' />
	<meta name='robots' content='noodp, noydir' />
	<meta name='viewport' content='width=device-width, initial-scale=1' />
	<meta id="timeStampFormat" name="timeStampFormat" content='MMM d, yyyy hh:mm:ss a'/>
	
	<link href='https://fonts.googleapis.com/css?family=Source+Sans+Pro:400,600' rel='stylesheet' type='text/css'>
	<link href="https://fonts.googleapis.com/icon?family=Material+Icons" rel="stylesheet">

		<link href='https://cdn.rawgit.com/anshooarora/extentreports-java/b4a58fcfd1e137bd9287244035a7c80d3d73b3af/dist/css/extent.css' type='text/css' rel='stylesheet' />
	
	<title>Cv Library - Cucumber Framework</title>

	<style type='text/css'>
			
            

      
        
	</style>
</head>

	<body class='extent dark default hide-overflow bdd-report'>
		<div id='theme-selector' alt='Click to toggle theme. To enable by default, use theme configuration.' title='Click to toggle theme. To enable by default, use theme configuration.'>
			<span><i class='material-icons'>desktop_windows</i></span>
		</div>

<nav>
	<div class="nav-wrapper">
		<a href="#!" class="brand-logo blue darken-3">Extent</a>

		<!-- slideout menu -->
		<ul id='slide-out' class='side-nav fixed hide-on-med-and-down'>
			<li class='waves-effect active'><a href='#!' view='test-view' onclick="configureView(0);chartsView('test');"><i class='material-icons'>dashboard</i></a></li>
						<li class='waves-effect'><a href='#!' view='exception-view' onclick="configureView(2)"><i class='material-icons'>bug_report</i></a></li>
			<li class='waves-effect'><a href='#!' onclick="configureView(-1);chartsView('dashboard');" view='dashboard-view'><i class='material-icons'>track_changes</i></i></a></li>
		</ul>

		<!-- report name -->
		<span class='report-name'> Cucumber Report</span>
		
		<!-- report headline -->
		<span class='report-headline'></span>

		<!-- nav-right -->
		<ul id='nav-mobile' class='right hide-on-med-and-down nav-right'>
			<li>
                <a href='#!'>
                    <span class='label suite-start-time blue darken-3'>Dec 15, 2021 10:32:40 PM</span>
				</a>
			</li>
			<li>
                <a href='#!'>
                    <span class='label blue darken-3'>3.1.2</span>
				</a>
			</li>
		</ul>
	</div>
</nav>

		<!-- container -->
		<div class='container'>

<div id='test-view' class='view'>
				
	<section id='controls'>
		<div class='controls grey lighten-4'>
			<!-- test toggle -->
			<div class='chip transparent'>
				<a class='dropdown-button tests-toggle' data-activates='tests-toggle' data-constrainwidth='true' data-beloworigin='true' data-hover='true' href='#'>
					<i class='material-icons'>warning</i> Status
				</a>
				<ul id='tests-toggle' class='dropdown-content'>
											<li status='pass'><a href='#!'>Pass <i class='material-icons green-text'>check_circle</i></a></li>
						<li status='fail'><a href='#!'>Fail <i class='material-icons red-text'>cancel</i></a></li>
						<li status='skip'><a href='#!'>Skip <i class='material-icons cyan-text'>redo</i></a></li>
					<li class='divider'></li>
					<li status='clear' clear='true'><a href='#!'>Clear Filters <i class='material-icons'>clear</i></a></li>
				</ul>
			</div>
			<!-- test toggle -->

			<!-- category toggle -->
			<!-- category toggle -->

			<!-- clear filters -->
			<div class='chip transparent hide'>
				<a class='' id='clear-filters' alt='Clear Filters' title='Clear Filters'>
					<i class='material-icons'>close</i> Clear
				</a>
			</div>
			<!-- clear filters -->

			<!-- enable dashboard -->
			<div id='toggle-test-view-charts' class='chip transparent'>
				<a class='pink-text' id='enable-dashboard' alt='Enable Dashboard' title='Enable Dashboard'>
					<i class='material-icons'>track_changes</i> Dashboard
				</a>
			</div>
			<!-- enable dashboard -->

			<!-- search -->
			<div class='chip transparent' alt='Search Tests' title='Search Tests'>
				<a href="#" class='search-div'>
					<i class='material-icons'>search</i> Search
				</a>

				<div class='input-field left hide'>
					<input id='search-tests' type='text' class='validate browser-default' placeholder='Search Tests...'>
				</div>
				
			</div>
			<!-- search -->
		</div>
	</section>


<div id='test-view-charts' class='subview-full'>
	<div id='charts-row' class='row nm-v nm-h'>
		<div class='col s12 m4 l4 np-h'>
			<div class='card-panel nm-v'>
				<div class='left panel-name'>Features</div>
				<div class='chart-box'>
					<canvas id='parent-analysis' width='100' height='80'></canvas>
				</div>
				<div class='block text-small'>
					<span class='tooltipped' data-position='top' data-tooltip='0%'><span class='strong'>0</span> feature(s) passed</span>
				</div>
				<div class='block text-small'>
					<span class='strong tooltipped' data-position='top' data-tooltip='100%'>1</span> feature(s) failed, <span class='strong tooltipped' data-position='top' data-tooltip='0%'>0</span> others
				</div>
			</div>
		</div>
		
		<div class='col s12 m4 l4 np-h'>
			<div class='card-panel nm-v'>
				<div class='left panel-name'>Scenarios</div>
				<div class='chart-box'>
					<canvas id='child-analysis' width='100' height='80'></canvas>
				</div>
				<div class='block text-small'>
					<span class='tooltipped' data-position='top' data-tooltip='0%'><span class='strong'>0</span> scenario(s) passed</span>
				</div>
				<div class='block text-small'>
					<span class='strong tooltipped' data-position='top' data-tooltip='100%'>7</span> scenario(s) failed, <span class='strong tooltipped' data-position='top' data-tooltip='0%'>0</span> others
				</div>
			</div>
		</div>
		
		<div class='col s12 m4 l4 np-h'>
			<div class='card-panel nm-v'>
				<div class='left panel-name'>Steps</div>
				<div class='chart-box'>
					<canvas id='grandchild-analysis' width='100' height='80'></canvas>
				</div>
				<div class='block text-small'>
					<span class='tooltipped' data-position='top' data-tooltip='20.238%'><span class='strong'>17</span> step(s) passed</span>
				</div>
				<div class='block text-small'>
					<span class='strong tooltipped' data-position='top' data-tooltip='8.333%'>7</span> step(s) failed, <span class='strong tooltipped' data-position='top' data-tooltip='71.429%'>60</span> others
				</div>
			</div>
		</div>
	</div>
</div>

	<div class='subview-left left'>
		
		<div class='view-summary'>
			<h5>Features</h5>
			<ul id='test-collection' class='test-collection'>
				
				
				<li class='test displayed active has-leaf fail' status='fail' bdd='true' test-id='1'>
					<div class='test-heading'>
						<span class='test-name'>Job Search</span>
						<span class='test-time'>Dec 15, 2021 10:32:40 PM</span>
						<span class='test-status right fail'>fail</span>
					</div>
					<div class='test-content hide'>
<div class='scenariooutline node' test-id='2' status='fail'>
	<span class='duration right label'>0h 0m 38s+908ms</span>
	<div class='desc'>
		<b>ScenarioOutline</b>
		<span class="desc-text">User should be able to verify Job Search Results using different dataset</span>
	</div>
	<ul class='steps'>
		<li test-id='3' class='node scenario fail' status='fail'>
			
			<b>Scenario</b>
			
			<span class="bdd-step-name">User should be able to verify Job Search Results using different dataset</span>
			
				<ul class='steps'>
					<li test-id='4' class='node given pass' status='pass'><b>Given</b>
						<span class="bdd-step-name">Given I am on homepage</span>
							<div class='pre'>passed</div>
					</li>
					<li test-id='5' class='node when fail' status='fail'><b>When</b>
						<span class="bdd-step-name">When I click on search more options</span>
							<div class='pre'><textarea>org.openqa.selenium.ElementClickInterceptedException: element click intercepted: Element <button type="button" id="toggle-hp-search" aria-expanded="false">...</button> is not clickable at point (202, 341). Other element would receive the click: <iframe src="https://cmp-consent-tool.privacymanager.io/latest/index.html#/notice?theme=fadeToBlackTheme&amp;useSystemFonts=false&amp;cmpType=tcf" id="gdpr-consent-notice" class="faktor-iframe-wrapper" aria-label="Privacy Manager window" role="dialog" aria-modal="true" frameborder="0" scrolling="yes" style="width: 100%; left: 0px; bottom: 0px; position: fixed; z-index: 2147483647; box-shadow: rgba(0, 0, 0, 0.12) 0px 6px 30px 5px, rgba(0, 0, 0, 0.14) 0px 16px 24px 2px, rgba(0, 0, 0, 0.2) 0px 8px 10px -5px; height: 359px;"></iframe>
  (Session info: chrome=96.0.4664.110)
Build info: version: '4.0.0', revision: '3a21814679'
System info: host: 'LAPTOP-ECCE3OFG', ip: '192.168.1.74', os.name: 'Windows 10', os.arch: 'amd64', os.version: '10.0', java.version: '1.8.0_172'
Driver info: org.openqa.selenium.chrome.ChromeDriver
Command: [ad161f65d38a015dd8618ba39be24b76, clickElement {id=506c8977-0c44-4a0f-b6e8-cb743cf4812e}]
Capabilities {acceptInsecureCerts: false, browserName: chrome, browserVersion: 96.0.4664.110, chrome: {chromedriverVersion: 96.0.4664.45 (76e4c1bb2ab46..., userDataDir: C:\Users\laxmi\AppData\Loca...}, goog:chromeOptions: {debuggerAddress: localhost:60552}, javascriptEnabled: true, networkConnectionEnabled: false, pageLoadStrategy: normal, platform: WINDOWS, platformName: WINDOWS, proxy: Proxy(), se:cdp: ws://localhost:60552/devtoo..., se:cdpVersion: 96.0.4664.110, setWindowRect: true, strictFileInteractability: false, timeouts: {implicit: 0, pageLoad: 300000, script: 30000}, unhandledPromptBehavior: dismiss and notify, webauthn:extension:credBlob: true, webauthn:extension:largeBlob: true, webauthn:virtualAuthenticators: true}
Element: [[ChromeDriver: chrome on WINDOWS (ad161f65d38a015dd8618ba39be24b76)] -> xpath: //button[@id='toggle-hp-search']]
Session ID: ad161f65d38a015dd8618ba39be24b76
	at sun.reflect.NativeConstructorAccessorImpl.newInstance0(Native Method)
	at sun.reflect.NativeConstructorAccessorImpl.newInstance(NativeConstructorAccessorImpl.java:62)
	at sun.reflect.DelegatingConstructorAccessorImpl.newInstance(DelegatingConstructorAccessorImpl.java:45)
	at java.lang.reflect.Constructor.newInstance(Constructor.java:423)
	at org.openqa.selenium.remote.codec.w3c.W3CHttpResponseCodec.createException(W3CHttpResponseCodec.java:200)
	at org.openqa.selenium.remote.codec.w3c.W3CHttpResponseCodec.decode(W3CHttpResponseCodec.java:133)
	at org.openqa.selenium.remote.codec.w3c.W3CHttpResponseCodec.decode(W3CHttpResponseCodec.java:53)
	at org.openqa.selenium.remote.HttpCommandExecutor.execute(HttpCommandExecutor.java:184)
	at org.openqa.selenium.remote.service.DriverCommandExecutor.invokeExecute(DriverCommandExecutor.java:164)
	at org.openqa.selenium.remote.service.DriverCommandExecutor.execute(DriverCommandExecutor.java:139)
	at org.openqa.selenium.remote.RemoteWebDriver.execute(RemoteWebDriver.java:559)
	at org.openqa.selenium.remote.RemoteWebElement.execute(RemoteWebElement.java:251)
	at org.openqa.selenium.remote.RemoteWebElement.click(RemoteWebElement.java:77)
	at sun.reflect.NativeMethodAccessorImpl.invoke0(Native Method)
	at sun.reflect.NativeMethodAccessorImpl.invoke(NativeMethodAccessorImpl.java:62)
	at sun.reflect.DelegatingMethodAccessorImpl.invoke(DelegatingMethodAccessorImpl.java:43)
	at java.lang.reflect.Method.invoke(Method.java:498)
	at org.openqa.selenium.support.pagefactory.internal.LocatingElementHandler.invoke(LocatingElementHandler.java:52)
	at com.sun.proxy.$Proxy24.click(Unknown Source)
	at uk.co.library.utility.Utility.clickOnElement(Utility.java:71)
	at uk.co.library.pages.HomePage.clickOnMoreSearchOptionLink(HomePage.java:90)
	at uk.co.library.cucumber.steps.JobsearchSteps.iClickOnSearchMoreOptions(JobsearchSteps.java:21)
	at ✽.When I click on search more options(Jobsearch.feature:7)
</textarea></div>
					</li>
					<li test-id='6' class='node and skip' status='skip'><b>And</b>
						<span class="bdd-step-name">And I accept cookies</span>
							<div class='pre'>skipped</div>
					</li>
					<li test-id='7' class='node and skip' status='skip'><b>And</b>
						<span class="bdd-step-name">And I enter job title "Tester"</span>
							<div class='pre'>skipped</div>
					</li>
					<li test-id='8' class='node and skip' status='skip'><b>And</b>
						<span class="bdd-step-name">And I enter location "Harrow"</span>
							<div class='pre'>skipped</div>
					</li>
					<li test-id='9' class='node and skip' status='skip'><b>And</b>
						<span class="bdd-step-name">And I enter distance "up to 5 miles"</span>
							<div class='pre'>skipped</div>
					</li>
					<li test-id='10' class='node and skip' status='skip'><b>And</b>
						<span class="bdd-step-name">And I enter salary minimum "30000"</span>
							<div class='pre'>skipped</div>
					</li>
					<li test-id='11' class='node and skip' status='skip'><b>And</b>
						<span class="bdd-step-name">And I enter salary maximum "500000"</span>
							<div class='pre'>skipped</div>
					</li>
					<li test-id='12' class='node and skip' status='skip'><b>And</b>
						<span class="bdd-step-name">And I select salary type "Per annum"</span>
							<div class='pre'>skipped</div>
					</li>
					<li test-id='13' class='node and skip' status='skip'><b>And</b>
						<span class="bdd-step-name">And I select job type "Permanent"</span>
							<div class='pre'>skipped</div>
					</li>
					<li test-id='14' class='node and skip' status='skip'><b>And</b>
						<span class="bdd-step-name">And I click on find jobs button</span>
							<div class='pre'>skipped</div>
					</li>
					<li test-id='15' class='node then skip' status='skip'><b>Then</b>
						<span class="bdd-step-name">Then I should be able to verify the result message "Permanent Tester jobs in Harrow on the Hill"</span>
						<ul class='screenshots right'>
							<li><a data-featherlight="image" href="C:\Users\laxmi\IdeaProjects\Homework\Cucumber-home-work-week-15-AutomationPractice\Cucumber-home-work-week-15-CvLibrary/src/main/java/com/demo/orangeHRM/screenshots/User_should_be_able_to_verify_Job_Search_Results_using_different_dataset20211215103246.png"><i class='material-icons'>panorama</i></a></li>
						</ul>
							<div class='pre'>skipped</div>
					</li>
				</ul>
		</li>
		<li test-id='16' class='node scenario fail' status='fail'>
			
			<b>Scenario</b>
			
			<span class="bdd-step-name">User should be able to verify Job Search Results using different dataset</span>
			
				<ul class='steps'>
					<li test-id='17' class='node given pass' status='pass'><b>Given</b>
						<span class="bdd-step-name">Given I am on homepage</span>
							<div class='pre'>passed</div>
					</li>
					<li test-id='18' class='node when fail' status='fail'><b>When</b>
						<span class="bdd-step-name">When I click on search more options</span>
							<div class='pre'><textarea>org.openqa.selenium.ElementClickInterceptedException: element click intercepted: Element <button type="button" id="toggle-hp-search" aria-expanded="false">...</button> is not clickable at point (202, 341). Other element would receive the click: <iframe src="https://cmp-consent-tool.privacymanager.io/latest/index.html#/notice?theme=fadeToBlackTheme&amp;useSystemFonts=false&amp;cmpType=tcf" id="gdpr-consent-notice" class="faktor-iframe-wrapper" aria-label="Privacy Manager window" role="dialog" aria-modal="true" frameborder="0" scrolling="yes" style="width: 100%; left: 0px; bottom: 0px; position: fixed; z-index: 2147483647; box-shadow: rgba(0, 0, 0, 0.12) 0px 6px 30px 5px, rgba(0, 0, 0, 0.14) 0px 16px 24px 2px, rgba(0, 0, 0, 0.2) 0px 8px 10px -5px; height: 359px;"></iframe>
  (Session info: chrome=96.0.4664.110)
Build info: version: '4.0.0', revision: '3a21814679'
System info: host: 'LAPTOP-ECCE3OFG', ip: '192.168.1.74', os.name: 'Windows 10', os.arch: 'amd64', os.version: '10.0', java.version: '1.8.0_172'
Driver info: org.openqa.selenium.chrome.ChromeDriver
Command: [3d89fa0ed3b19e9b045f9e85eaa43676, clickElement {id=8baae2a1-80a3-45ab-84ba-3b702b35ce63}]
Capabilities {acceptInsecureCerts: false, browserName: chrome, browserVersion: 96.0.4664.110, chrome: {chromedriverVersion: 96.0.4664.45 (76e4c1bb2ab46..., userDataDir: C:\Users\laxmi\AppData\Loca...}, goog:chromeOptions: {debuggerAddress: localhost:60592}, javascriptEnabled: true, networkConnectionEnabled: false, pageLoadStrategy: normal, platform: WINDOWS, platformName: WINDOWS, proxy: Proxy(), se:cdp: ws://localhost:60592/devtoo..., se:cdpVersion: 96.0.4664.110, setWindowRect: true, strictFileInteractability: false, timeouts: {implicit: 0, pageLoad: 300000, script: 30000}, unhandledPromptBehavior: dismiss and notify, webauthn:extension:credBlob: true, webauthn:extension:largeBlob: true, webauthn:virtualAuthenticators: true}
Element: [[ChromeDriver: chrome on WINDOWS (3d89fa0ed3b19e9b045f9e85eaa43676)] -> xpath: //button[@id='toggle-hp-search']]
Session ID: 3d89fa0ed3b19e9b045f9e85eaa43676
	at sun.reflect.NativeConstructorAccessorImpl.newInstance0(Native Method)
	at sun.reflect.NativeConstructorAccessorImpl.newInstance(NativeConstructorAccessorImpl.java:62)
	at sun.reflect.DelegatingConstructorAccessorImpl.newInstance(DelegatingConstructorAccessorImpl.java:45)
	at java.lang.reflect.Constructor.newInstance(Constructor.java:423)
	at org.openqa.selenium.remote.codec.w3c.W3CHttpResponseCodec.createException(W3CHttpResponseCodec.java:200)
	at org.openqa.selenium.remote.codec.w3c.W3CHttpResponseCodec.decode(W3CHttpResponseCodec.java:133)
	at org.openqa.selenium.remote.codec.w3c.W3CHttpResponseCodec.decode(W3CHttpResponseCodec.java:53)
	at org.openqa.selenium.remote.HttpCommandExecutor.execute(HttpCommandExecutor.java:184)
	at org.openqa.selenium.remote.service.DriverCommandExecutor.invokeExecute(DriverCommandExecutor.java:164)
	at org.openqa.selenium.remote.service.DriverCommandExecutor.execute(DriverCommandExecutor.java:139)
	at org.openqa.selenium.remote.RemoteWebDriver.execute(RemoteWebDriver.java:559)
	at org.openqa.selenium.remote.RemoteWebElement.execute(RemoteWebElement.java:251)
	at org.openqa.selenium.remote.RemoteWebElement.click(RemoteWebElement.java:77)
	at sun.reflect.NativeMethodAccessorImpl.invoke0(Native Method)
	at sun.reflect.NativeMethodAccessorImpl.invoke(NativeMethodAccessorImpl.java:62)
	at sun.reflect.DelegatingMethodAccessorImpl.invoke(DelegatingMethodAccessorImpl.java:43)
	at java.lang.reflect.Method.invoke(Method.java:498)
	at org.openqa.selenium.support.pagefactory.internal.LocatingElementHandler.invoke(LocatingElementHandler.java:52)
	at com.sun.proxy.$Proxy24.click(Unknown Source)
	at uk.co.library.utility.Utility.clickOnElement(Utility.java:71)
	at uk.co.library.pages.HomePage.clickOnMoreSearchOptionLink(HomePage.java:90)
	at uk.co.library.cucumber.steps.JobsearchSteps.iClickOnSearchMoreOptions(JobsearchSteps.java:21)
	at ✽.When I click on search more options(Jobsearch.feature:7)
</textarea></div>
					</li>
					<li test-id='19' class='node and skip' status='skip'><b>And</b>
						<span class="bdd-step-name">And I accept cookies</span>
							<div class='pre'>skipped</div>
					</li>
					<li test-id='20' class='node and skip' status='skip'><b>And</b>
						<span class="bdd-step-name">And I enter job title "Software Test Engineer"</span>
							<div class='pre'>skipped</div>
					</li>
					<li test-id='21' class='node and skip' status='skip'><b>And</b>
						<span class="bdd-step-name">And I enter location "West Midlands"</span>
							<div class='pre'>skipped</div>
					</li>
					<li test-id='22' class='node and skip' status='skip'><b>And</b>
						<span class="bdd-step-name">And I enter distance "up to 15 miles"</span>
							<div class='pre'>skipped</div>
					</li>
					<li test-id='23' class='node and skip' status='skip'><b>And</b>
						<span class="bdd-step-name">And I enter salary minimum "35000"</span>
							<div class='pre'>skipped</div>
					</li>
					<li test-id='24' class='node and skip' status='skip'><b>And</b>
						<span class="bdd-step-name">And I enter salary maximum "75000"</span>
							<div class='pre'>skipped</div>
					</li>
					<li test-id='25' class='node and skip' status='skip'><b>And</b>
						<span class="bdd-step-name">And I select salary type "Per annum"</span>
							<div class='pre'>skipped</div>
					</li>
					<li test-id='26' class='node and skip' status='skip'><b>And</b>
						<span class="bdd-step-name">And I select job type "Contract"</span>
							<div class='pre'>skipped</div>
					</li>
					<li test-id='27' class='node and skip' status='skip'><b>And</b>
						<span class="bdd-step-name">And I click on find jobs button</span>
							<div class='pre'>skipped</div>
					</li>
					<li test-id='28' class='node then skip' status='skip'><b>Then</b>
						<span class="bdd-step-name">Then I should be able to verify the result message "Contract Software Test Engineer jobs in West Midlands"</span>
						<ul class='screenshots right'>
							<li><a data-featherlight="image" href="C:\Users\laxmi\IdeaProjects\Homework\Cucumber-home-work-week-15-AutomationPractice\Cucumber-home-work-week-15-CvLibrary/src/main/java/com/demo/orangeHRM/screenshots/User_should_be_able_to_verify_Job_Search_Results_using_different_dataset20211215103251.png"><i class='material-icons'>panorama</i></a></li>
						</ul>
							<div class='pre'>skipped</div>
					</li>
				</ul>
		</li>
		<li test-id='29' class='node scenario fail' status='fail'>
			
			<b>Scenario</b>
			
			<span class="bdd-step-name">User should be able to verify Job Search Results using different dataset</span>
			
				<ul class='steps'>
					<li test-id='30' class='node given pass' status='pass'><b>Given</b>
						<span class="bdd-step-name">Given I am on homepage</span>
							<div class='pre'>passed</div>
					</li>
					<li test-id='31' class='node when pass' status='pass'><b>When</b>
						<span class="bdd-step-name">When I click on search more options</span>
							<div class='pre'>passed</div>
					</li>
					<li test-id='32' class='node and pass' status='pass'><b>And</b>
						<span class="bdd-step-name">And I accept cookies</span>
							<div class='pre'>passed</div>
					</li>
					<li test-id='33' class='node and pass' status='pass'><b>And</b>
						<span class="bdd-step-name">And I enter job title "Software Engineer"</span>
							<div class='pre'>passed</div>
					</li>
					<li test-id='34' class='node and pass' status='pass'><b>And</b>
						<span class="bdd-step-name">And I enter location "Stevenage Hertfordshire"</span>
							<div class='pre'>passed</div>
					</li>
					<li test-id='35' class='node and pass' status='pass'><b>And</b>
						<span class="bdd-step-name">And I enter distance "up to 10 miles"</span>
							<div class='pre'>passed</div>
					</li>
					<li test-id='36' class='node and pass' status='pass'><b>And</b>
						<span class="bdd-step-name">And I enter salary minimum "30000"</span>
							<div class='pre'>passed</div>
					</li>
					<li test-id='37' class='node and pass' status='pass'><b>And</b>
						<span class="bdd-step-name">And I enter salary maximum "45000"</span>
							<div class='pre'>passed</div>
					</li>
					<li test-id='38' class='node and pass' status='pass'><b>And</b>
						<span class="bdd-step-name">And I select salary type "Per annum"</span>
							<div class='pre'>passed</div>
					</li>
					<li test-id='39' class='node and pass' status='pass'><b>And</b>
						<span class="bdd-step-name">And I select job type "Permanent"</span>
							<div class='pre'>passed</div>
					</li>
					<li test-id='40' class='node and pass' status='pass'><b>And</b>
						<span class="bdd-step-name">And I click on find jobs button</span>
							<div class='pre'>passed</div>
					</li>
					<li test-id='41' class='node then fail' status='fail'><b>Then</b>
						<span class="bdd-step-name">Then I should be able to verify the result message "Permanent Software Engineer jobs in Stevenage"</span>
						<ul class='screenshots right'>
							<li><a data-featherlight="image" href="C:\Users\laxmi\IdeaProjects\Homework\Cucumber-home-work-week-15-AutomationPractice\Cucumber-home-work-week-15-CvLibrary/src/main/java/com/demo/orangeHRM/screenshots/User_should_be_able_to_verify_Job_Search_Results_using_different_dataset20211215103300.png"><i class='material-icons'>panorama</i></a></li>
						</ul>
							<div class='pre'><pre>java.lang.AssertionError: The following asserts failed:
	expected [Permanent Software Engineer jobs in Stevenage] but found [Permanent Software Engineer jobs]
	at org.testng.asserts.SoftAssert.assertAll(SoftAssert.java:43)
	at uk.co.library.pages.ResultPage.verifyTheResults(ResultPage.java:34)
	at uk.co.library.cucumber.steps.JobsearchSteps.iShouldBeAbleToVerifyTheResultMessage(JobsearchSteps.java:85)
	at ✽.Then I should be able to verify the result message "Permanent Software Engineer jobs in Stevenage"(Jobsearch.feature:17)
</pre></div>
					</li>
				</ul>
		</li>
		<li test-id='42' class='node scenario fail' status='fail'>
			
			<b>Scenario</b>
			
			<span class="bdd-step-name">User should be able to verify Job Search Results using different dataset</span>
			
				<ul class='steps'>
					<li test-id='43' class='node given pass' status='pass'><b>Given</b>
						<span class="bdd-step-name">Given I am on homepage</span>
							<div class='pre'>passed</div>
					</li>
					<li test-id='44' class='node when fail' status='fail'><b>When</b>
						<span class="bdd-step-name">When I click on search more options</span>
							<div class='pre'><textarea>org.openqa.selenium.ElementClickInterceptedException: element click intercepted: Element <button type="button" id="toggle-hp-search" aria-expanded="false">...</button> is not clickable at point (202, 341). Other element would receive the click: <iframe src="https://cmp-consent-tool.privacymanager.io/latest/index.html#/notice?theme=fadeToBlackTheme&amp;useSystemFonts=false&amp;cmpType=tcf" id="gdpr-consent-notice" class="faktor-iframe-wrapper" aria-label="Privacy Manager window" role="dialog" aria-modal="true" frameborder="0" scrolling="yes" style="width: 100%; left: 0px; bottom: 0px; position: fixed; z-index: 2147483647; box-shadow: rgba(0, 0, 0, 0.12) 0px 6px 30px 5px, rgba(0, 0, 0, 0.14) 0px 16px 24px 2px, rgba(0, 0, 0, 0.2) 0px 8px 10px -5px; height: 359px;"></iframe>
  (Session info: chrome=96.0.4664.110)
Build info: version: '4.0.0', revision: '3a21814679'
System info: host: 'LAPTOP-ECCE3OFG', ip: '192.168.1.74', os.name: 'Windows 10', os.arch: 'amd64', os.version: '10.0', java.version: '1.8.0_172'
Driver info: org.openqa.selenium.chrome.ChromeDriver
Command: [43925f02ed18ab0cfcb848dfbc0adafb, clickElement {id=932a5567-5e6c-4d85-a18e-258e9cc4756c}]
Capabilities {acceptInsecureCerts: false, browserName: chrome, browserVersion: 96.0.4664.110, chrome: {chromedriverVersion: 96.0.4664.45 (76e4c1bb2ab46..., userDataDir: C:\Users\laxmi\AppData\Loca...}, goog:chromeOptions: {debuggerAddress: localhost:60819}, javascriptEnabled: true, networkConnectionEnabled: false, pageLoadStrategy: normal, platform: WINDOWS, platformName: WINDOWS, proxy: Proxy(), se:cdp: ws://localhost:60819/devtoo..., se:cdpVersion: 96.0.4664.110, setWindowRect: true, strictFileInteractability: false, timeouts: {implicit: 0, pageLoad: 300000, script: 30000}, unhandledPromptBehavior: dismiss and notify, webauthn:extension:credBlob: true, webauthn:extension:largeBlob: true, webauthn:virtualAuthenticators: true}
Element: [[ChromeDriver: chrome on WINDOWS (43925f02ed18ab0cfcb848dfbc0adafb)] -> xpath: //button[@id='toggle-hp-search']]
Session ID: 43925f02ed18ab0cfcb848dfbc0adafb
	at sun.reflect.NativeConstructorAccessorImpl.newInstance0(Native Method)
	at sun.reflect.NativeConstructorAccessorImpl.newInstance(NativeConstructorAccessorImpl.java:62)
	at sun.reflect.DelegatingConstructorAccessorImpl.newInstance(DelegatingConstructorAccessorImpl.java:45)
	at java.lang.reflect.Constructor.newInstance(Constructor.java:423)
	at org.openqa.selenium.remote.codec.w3c.W3CHttpResponseCodec.createException(W3CHttpResponseCodec.java:200)
	at org.openqa.selenium.remote.codec.w3c.W3CHttpResponseCodec.decode(W3CHttpResponseCodec.java:133)
	at org.openqa.selenium.remote.codec.w3c.W3CHttpResponseCodec.decode(W3CHttpResponseCodec.java:53)
	at org.openqa.selenium.remote.HttpCommandExecutor.execute(HttpCommandExecutor.java:184)
	at org.openqa.selenium.remote.service.DriverCommandExecutor.invokeExecute(DriverCommandExecutor.java:164)
	at org.openqa.selenium.remote.service.DriverCommandExecutor.execute(DriverCommandExecutor.java:139)
	at org.openqa.selenium.remote.RemoteWebDriver.execute(RemoteWebDriver.java:559)
	at org.openqa.selenium.remote.RemoteWebElement.execute(RemoteWebElement.java:251)
	at org.openqa.selenium.remote.RemoteWebElement.click(RemoteWebElement.java:77)
	at sun.reflect.NativeMethodAccessorImpl.invoke0(Native Method)
	at sun.reflect.NativeMethodAccessorImpl.invoke(NativeMethodAccessorImpl.java:62)
	at sun.reflect.DelegatingMethodAccessorImpl.invoke(DelegatingMethodAccessorImpl.java:43)
	at java.lang.reflect.Method.invoke(Method.java:498)
	at org.openqa.selenium.support.pagefactory.internal.LocatingElementHandler.invoke(LocatingElementHandler.java:52)
	at com.sun.proxy.$Proxy24.click(Unknown Source)
	at uk.co.library.utility.Utility.clickOnElement(Utility.java:71)
	at uk.co.library.pages.HomePage.clickOnMoreSearchOptionLink(HomePage.java:90)
	at uk.co.library.cucumber.steps.JobsearchSteps.iClickOnSearchMoreOptions(JobsearchSteps.java:21)
	at ✽.When I click on search more options(Jobsearch.feature:7)
</textarea></div>
					</li>
					<li test-id='45' class='node and skip' status='skip'><b>And</b>
						<span class="bdd-step-name">And I accept cookies</span>
							<div class='pre'>skipped</div>
					</li>
					<li test-id='46' class='node and skip' status='skip'><b>And</b>
						<span class="bdd-step-name">And I enter job title "Software Engineer"</span>
							<div class='pre'>skipped</div>
					</li>
					<li test-id='47' class='node and skip' status='skip'><b>And</b>
						<span class="bdd-step-name">And I enter location "Glasgow City"</span>
							<div class='pre'>skipped</div>
					</li>
					<li test-id='48' class='node and skip' status='skip'><b>And</b>
						<span class="bdd-step-name">And I enter distance "up to 10 miles"</span>
							<div class='pre'>skipped</div>
					</li>
					<li test-id='49' class='node and skip' status='skip'><b>And</b>
						<span class="bdd-step-name">And I enter salary minimum "30000"</span>
							<div class='pre'>skipped</div>
					</li>
					<li test-id='50' class='node and skip' status='skip'><b>And</b>
						<span class="bdd-step-name">And I enter salary maximum "60000"</span>
							<div class='pre'>skipped</div>
					</li>
					<li test-id='51' class='node and skip' status='skip'><b>And</b>
						<span class="bdd-step-name">And I select salary type "Per annum"</span>
							<div class='pre'>skipped</div>
					</li>
					<li test-id='52' class='node and skip' status='skip'><b>And</b>
						<span class="bdd-step-name">And I select job type "Contract"</span>
							<div class='pre'>skipped</div>
					</li>
					<li test-id='53' class='node and skip' status='skip'><b>And</b>
						<span class="bdd-step-name">And I click on find jobs button</span>
							<div class='pre'>skipped</div>
					</li>
					<li test-id='54' class='node then skip' status='skip'><b>Then</b>
						<span class="bdd-step-name">Then I should be able to verify the result message "Contract Software Engineer jobs in Glasgow"</span>
						<ul class='screenshots right'>
							<li><a data-featherlight="image" href="C:\Users\laxmi\IdeaProjects\Homework\Cucumber-home-work-week-15-AutomationPractice\Cucumber-home-work-week-15-CvLibrary/src/main/java/com/demo/orangeHRM/screenshots/User_should_be_able_to_verify_Job_Search_Results_using_different_dataset20211215103305.png"><i class='material-icons'>panorama</i></a></li>
						</ul>
							<div class='pre'>skipped</div>
					</li>
				</ul>
		</li>
		<li test-id='55' class='node scenario fail' status='fail'>
			
			<b>Scenario</b>
			
			<span class="bdd-step-name">User should be able to verify Job Search Results using different dataset</span>
			
				<ul class='steps'>
					<li test-id='56' class='node given pass' status='pass'><b>Given</b>
						<span class="bdd-step-name">Given I am on homepage</span>
							<div class='pre'>passed</div>
					</li>
					<li test-id='57' class='node when fail' status='fail'><b>When</b>
						<span class="bdd-step-name">When I click on search more options</span>
							<div class='pre'><textarea>org.openqa.selenium.ElementClickInterceptedException: element click intercepted: Element <button type="button" id="toggle-hp-search" aria-expanded="false">...</button> is not clickable at point (202, 341). Other element would receive the click: <iframe src="https://cmp-consent-tool.privacymanager.io/latest/index.html#/notice?theme=fadeToBlackTheme&amp;useSystemFonts=false&amp;cmpType=tcf" id="gdpr-consent-notice" class="faktor-iframe-wrapper" aria-label="Privacy Manager window" role="dialog" aria-modal="true" frameborder="0" scrolling="yes" style="width: 100%; left: 0px; bottom: 0px; position: fixed; z-index: 2147483647; box-shadow: rgba(0, 0, 0, 0.12) 0px 6px 30px 5px, rgba(0, 0, 0, 0.14) 0px 16px 24px 2px, rgba(0, 0, 0, 0.2) 0px 8px 10px -5px; height: 359px;"></iframe>
  (Session info: chrome=96.0.4664.110)
Build info: version: '4.0.0', revision: '3a21814679'
System info: host: 'LAPTOP-ECCE3OFG', ip: '192.168.1.74', os.name: 'Windows 10', os.arch: 'amd64', os.version: '10.0', java.version: '1.8.0_172'
Driver info: org.openqa.selenium.chrome.ChromeDriver
Command: [100873c533f1474a50dfac3745a1c7e0, clickElement {id=7d029ced-9a60-4d44-8423-c9206cf32787}]
Capabilities {acceptInsecureCerts: false, browserName: chrome, browserVersion: 96.0.4664.110, chrome: {chromedriverVersion: 96.0.4664.45 (76e4c1bb2ab46..., userDataDir: C:\Users\laxmi\AppData\Loca...}, goog:chromeOptions: {debuggerAddress: localhost:60859}, javascriptEnabled: true, networkConnectionEnabled: false, pageLoadStrategy: normal, platform: WINDOWS, platformName: WINDOWS, proxy: Proxy(), se:cdp: ws://localhost:60859/devtoo..., se:cdpVersion: 96.0.4664.110, setWindowRect: true, strictFileInteractability: false, timeouts: {implicit: 0, pageLoad: 300000, script: 30000}, unhandledPromptBehavior: dismiss and notify, webauthn:extension:credBlob: true, webauthn:extension:largeBlob: true, webauthn:virtualAuthenticators: true}
Element: [[ChromeDriver: chrome on WINDOWS (100873c533f1474a50dfac3745a1c7e0)] -> xpath: //button[@id='toggle-hp-search']]
Session ID: 100873c533f1474a50dfac3745a1c7e0
	at sun.reflect.NativeConstructorAccessorImpl.newInstance0(Native Method)
	at sun.reflect.NativeConstructorAccessorImpl.newInstance(NativeConstructorAccessorImpl.java:62)
	at sun.reflect.DelegatingConstructorAccessorImpl.newInstance(DelegatingConstructorAccessorImpl.java:45)
	at java.lang.reflect.Constructor.newInstance(Constructor.java:423)
	at org.openqa.selenium.remote.codec.w3c.W3CHttpResponseCodec.createException(W3CHttpResponseCodec.java:200)
	at org.openqa.selenium.remote.codec.w3c.W3CHttpResponseCodec.decode(W3CHttpResponseCodec.java:133)
	at org.openqa.selenium.remote.codec.w3c.W3CHttpResponseCodec.decode(W3CHttpResponseCodec.java:53)
	at org.openqa.selenium.remote.HttpCommandExecutor.execute(HttpCommandExecutor.java:184)
	at org.openqa.selenium.remote.service.DriverCommandExecutor.invokeExecute(DriverCommandExecutor.java:164)
	at org.openqa.selenium.remote.service.DriverCommandExecutor.execute(DriverCommandExecutor.java:139)
	at org.openqa.selenium.remote.RemoteWebDriver.execute(RemoteWebDriver.java:559)
	at org.openqa.selenium.remote.RemoteWebElement.execute(RemoteWebElement.java:251)
	at org.openqa.selenium.remote.RemoteWebElement.click(RemoteWebElement.java:77)
	at sun.reflect.NativeMethodAccessorImpl.invoke0(Native Method)
	at sun.reflect.NativeMethodAccessorImpl.invoke(NativeMethodAccessorImpl.java:62)
	at sun.reflect.DelegatingMethodAccessorImpl.invoke(DelegatingMethodAccessorImpl.java:43)
	at java.lang.reflect.Method.invoke(Method.java:498)
	at org.openqa.selenium.support.pagefactory.internal.LocatingElementHandler.invoke(LocatingElementHandler.java:52)
	at com.sun.proxy.$Proxy24.click(Unknown Source)
	at uk.co.library.utility.Utility.clickOnElement(Utility.java:71)
	at uk.co.library.pages.HomePage.clickOnMoreSearchOptionLink(HomePage.java:90)
	at uk.co.library.cucumber.steps.JobsearchSteps.iClickOnSearchMoreOptions(JobsearchSteps.java:21)
	at ✽.When I click on search more options(Jobsearch.feature:7)
</textarea></div>
					</li>
					<li test-id='58' class='node and skip' status='skip'><b>And</b>
						<span class="bdd-step-name">And I accept cookies</span>
							<div class='pre'>skipped</div>
					</li>
					<li test-id='59' class='node and skip' status='skip'><b>And</b>
						<span class="bdd-step-name">And I enter job title "Software Test Engineer"</span>
							<div class='pre'>skipped</div>
					</li>
					<li test-id='60' class='node and skip' status='skip'><b>And</b>
						<span class="bdd-step-name">And I enter location "Derbyshire"</span>
							<div class='pre'>skipped</div>
					</li>
					<li test-id='61' class='node and skip' status='skip'><b>And</b>
						<span class="bdd-step-name">And I enter distance "up to 25 miles"</span>
							<div class='pre'>skipped</div>
					</li>
					<li test-id='62' class='node and skip' status='skip'><b>And</b>
						<span class="bdd-step-name">And I enter salary minimum "4500"</span>
							<div class='pre'>skipped</div>
					</li>
					<li test-id='63' class='node and skip' status='skip'><b>And</b>
						<span class="bdd-step-name">And I enter salary maximum "6000"</span>
							<div class='pre'>skipped</div>
					</li>
					<li test-id='64' class='node and skip' status='skip'><b>And</b>
						<span class="bdd-step-name">And I select salary type "Per month"</span>
							<div class='pre'>skipped</div>
					</li>
					<li test-id='65' class='node and skip' status='skip'><b>And</b>
						<span class="bdd-step-name">And I select job type "Permanent"</span>
							<div class='pre'>skipped</div>
					</li>
					<li test-id='66' class='node and skip' status='skip'><b>And</b>
						<span class="bdd-step-name">And I click on find jobs button</span>
							<div class='pre'>skipped</div>
					</li>
					<li test-id='67' class='node then skip' status='skip'><b>Then</b>
						<span class="bdd-step-name">Then I should be able to verify the result message "Permanent Software Engineer jobs in Derbyshire"</span>
						<ul class='screenshots right'>
							<li><a data-featherlight="image" href="C:\Users\laxmi\IdeaProjects\Homework\Cucumber-home-work-week-15-AutomationPractice\Cucumber-home-work-week-15-CvLibrary/src/main/java/com/demo/orangeHRM/screenshots/User_should_be_able_to_verify_Job_Search_Results_using_different_dataset20211215103310.png"><i class='material-icons'>panorama</i></a></li>
						</ul>
							<div class='pre'>skipped</div>
					</li>
				</ul>
		</li>
		<li test-id='68' class='node scenario fail' status='fail'>
			
			<b>Scenario</b>
			
			<span class="bdd-step-name">User should be able to verify Job Search Results using different dataset</span>
			
				<ul class='steps'>
					<li test-id='69' class='node given pass' status='pass'><b>Given</b>
						<span class="bdd-step-name">Given I am on homepage</span>
							<div class='pre'>passed</div>
					</li>
					<li test-id='70' class='node when fail' status='fail'><b>When</b>
						<span class="bdd-step-name">When I click on search more options</span>
							<div class='pre'><textarea>org.openqa.selenium.ElementClickInterceptedException: element click intercepted: Element <button type="button" id="toggle-hp-search" aria-expanded="false">...</button> is not clickable at point (202, 341). Other element would receive the click: <iframe src="https://cmp-consent-tool.privacymanager.io/latest/index.html#/notice?theme=fadeToBlackTheme&amp;useSystemFonts=false&amp;cmpType=tcf" id="gdpr-consent-notice" class="faktor-iframe-wrapper" aria-label="Privacy Manager window" role="dialog" aria-modal="true" frameborder="0" scrolling="yes" style="width: 100%; left: 0px; bottom: 0px; position: fixed; z-index: 2147483647; box-shadow: rgba(0, 0, 0, 0.12) 0px 6px 30px 5px, rgba(0, 0, 0, 0.14) 0px 16px 24px 2px, rgba(0, 0, 0, 0.2) 0px 8px 10px -5px; height: 359px;"></iframe>
  (Session info: chrome=96.0.4664.110)
Build info: version: '4.0.0', revision: '3a21814679'
System info: host: 'LAPTOP-ECCE3OFG', ip: '192.168.1.74', os.name: 'Windows 10', os.arch: 'amd64', os.version: '10.0', java.version: '1.8.0_172'
Driver info: org.openqa.selenium.chrome.ChromeDriver
Command: [f1feabf99247bb81438b7a9066d22de1, clickElement {id=f1df1822-b4ad-436c-a464-1d0dff044c23}]
Capabilities {acceptInsecureCerts: false, browserName: chrome, browserVersion: 96.0.4664.110, chrome: {chromedriverVersion: 96.0.4664.45 (76e4c1bb2ab46..., userDataDir: C:\Users\laxmi\AppData\Loca...}, goog:chromeOptions: {debuggerAddress: localhost:60899}, javascriptEnabled: true, networkConnectionEnabled: false, pageLoadStrategy: normal, platform: WINDOWS, platformName: WINDOWS, proxy: Proxy(), se:cdp: ws://localhost:60899/devtoo..., se:cdpVersion: 96.0.4664.110, setWindowRect: true, strictFileInteractability: false, timeouts: {implicit: 0, pageLoad: 300000, script: 30000}, unhandledPromptBehavior: dismiss and notify, webauthn:extension:credBlob: true, webauthn:extension:largeBlob: true, webauthn:virtualAuthenticators: true}
Element: [[ChromeDriver: chrome on WINDOWS (f1feabf99247bb81438b7a9066d22de1)] -> xpath: //button[@id='toggle-hp-search']]
Session ID: f1feabf99247bb81438b7a9066d22de1
	at sun.reflect.NativeConstructorAccessorImpl.newInstance0(Native Method)
	at sun.reflect.NativeConstructorAccessorImpl.newInstance(NativeConstructorAccessorImpl.java:62)
	at sun.reflect.DelegatingConstructorAccessorImpl.newInstance(DelegatingConstructorAccessorImpl.java:45)
	at java.lang.reflect.Constructor.newInstance(Constructor.java:423)
	at org.openqa.selenium.remote.codec.w3c.W3CHttpResponseCodec.createException(W3CHttpResponseCodec.java:200)
	at org.openqa.selenium.remote.codec.w3c.W3CHttpResponseCodec.decode(W3CHttpResponseCodec.java:133)
	at org.openqa.selenium.remote.codec.w3c.W3CHttpResponseCodec.decode(W3CHttpResponseCodec.java:53)
	at org.openqa.selenium.remote.HttpCommandExecutor.execute(HttpCommandExecutor.java:184)
	at org.openqa.selenium.remote.service.DriverCommandExecutor.invokeExecute(DriverCommandExecutor.java:164)
	at org.openqa.selenium.remote.service.DriverCommandExecutor.execute(DriverCommandExecutor.java:139)
	at org.openqa.selenium.remote.RemoteWebDriver.execute(RemoteWebDriver.java:559)
	at org.openqa.selenium.remote.RemoteWebElement.execute(RemoteWebElement.java:251)
	at org.openqa.selenium.remote.RemoteWebElement.click(RemoteWebElement.java:77)
	at sun.reflect.NativeMethodAccessorImpl.invoke0(Native Method)
	at sun.reflect.NativeMethodAccessorImpl.invoke(NativeMethodAccessorImpl.java:62)
	at sun.reflect.DelegatingMethodAccessorImpl.invoke(DelegatingMethodAccessorImpl.java:43)
	at java.lang.reflect.Method.invoke(Method.java:498)
	at org.openqa.selenium.support.pagefactory.internal.LocatingElementHandler.invoke(LocatingElementHandler.java:52)
	at com.sun.proxy.$Proxy24.click(Unknown Source)
	at uk.co.library.utility.Utility.clickOnElement(Utility.java:71)
	at uk.co.library.pages.HomePage.clickOnMoreSearchOptionLink(HomePage.java:90)
	at uk.co.library.cucumber.steps.JobsearchSteps.iClickOnSearchMoreOptions(JobsearchSteps.java:21)
	at ✽.When I click on search more options(Jobsearch.feature:7)
</textarea></div>
					</li>
					<li test-id='71' class='node and skip' status='skip'><b>And</b>
						<span class="bdd-step-name">And I accept cookies</span>
							<div class='pre'>skipped</div>
					</li>
					<li test-id='72' class='node and skip' status='skip'><b>And</b>
						<span class="bdd-step-name">And I enter job title "Tester"</span>
							<div class='pre'>skipped</div>
					</li>
					<li test-id='73' class='node and skip' status='skip'><b>And</b>
						<span class="bdd-step-name">And I enter location "Coventry"</span>
							<div class='pre'>skipped</div>
					</li>
					<li test-id='74' class='node and skip' status='skip'><b>And</b>
						<span class="bdd-step-name">And I enter distance "up to 10 miles"</span>
							<div class='pre'>skipped</div>
					</li>
					<li test-id='75' class='node and skip' status='skip'><b>And</b>
						<span class="bdd-step-name">And I enter salary minimum "50000"</span>
							<div class='pre'>skipped</div>
					</li>
					<li test-id='76' class='node and skip' status='skip'><b>And</b>
						<span class="bdd-step-name">And I enter salary maximum "75000"</span>
							<div class='pre'>skipped</div>
					</li>
					<li test-id='77' class='node and skip' status='skip'><b>And</b>
						<span class="bdd-step-name">And I select salary type "Per annum"</span>
							<div class='pre'>skipped</div>
					</li>
					<li test-id='78' class='node and skip' status='skip'><b>And</b>
						<span class="bdd-step-name">And I select job type "Permanent"</span>
							<div class='pre'>skipped</div>
					</li>
					<li test-id='79' class='node and skip' status='skip'><b>And</b>
						<span class="bdd-step-name">And I click on find jobs button</span>
							<div class='pre'>skipped</div>
					</li>
					<li test-id='80' class='node then skip' status='skip'><b>Then</b>
						<span class="bdd-step-name">Then I should be able to verify the result message "Permanent Tester jobs in Coventry"</span>
						<ul class='screenshots right'>
							<li><a data-featherlight="image" href="C:\Users\laxmi\IdeaProjects\Homework\Cucumber-home-work-week-15-AutomationPractice\Cucumber-home-work-week-15-CvLibrary/src/main/java/com/demo/orangeHRM/screenshots/User_should_be_able_to_verify_Job_Search_Results_using_different_dataset20211215103315.png"><i class='material-icons'>panorama</i></a></li>
						</ul>
							<div class='pre'>skipped</div>
					</li>
				</ul>
		</li>
		<li test-id='81' class='node scenario fail' status='fail'>
			
			<b>Scenario</b>
			
			<span class="bdd-step-name">User should be able to verify Job Search Results using different dataset</span>
			
				<ul class='steps'>
					<li test-id='82' class='node given pass' status='pass'><b>Given</b>
						<span class="bdd-step-name">Given I am on homepage</span>
							<div class='pre'>passed</div>
					</li>
					<li test-id='83' class='node when fail' status='fail'><b>When</b>
						<span class="bdd-step-name">When I click on search more options</span>
							<div class='pre'><textarea>org.openqa.selenium.ElementClickInterceptedException: element click intercepted: Element <button type="button" id="toggle-hp-search" aria-expanded="false">...</button> is not clickable at point (202, 341). Other element would receive the click: <iframe src="https://cmp-consent-tool.privacymanager.io/latest/index.html#/notice?theme=fadeToBlackTheme&amp;useSystemFonts=false&amp;cmpType=tcf" id="gdpr-consent-notice" class="faktor-iframe-wrapper" aria-label="Privacy Manager window" role="dialog" aria-modal="true" frameborder="0" scrolling="yes" style="width: 100%; left: 0px; bottom: 0px; position: fixed; z-index: 2147483647; box-shadow: rgba(0, 0, 0, 0.12) 0px 6px 30px 5px, rgba(0, 0, 0, 0.14) 0px 16px 24px 2px, rgba(0, 0, 0, 0.2) 0px 8px 10px -5px; height: 359px;"></iframe>
  (Session info: chrome=96.0.4664.110)
Build info: version: '4.0.0', revision: '3a21814679'
System info: host: 'LAPTOP-ECCE3OFG', ip: '192.168.1.74', os.name: 'Windows 10', os.arch: 'amd64', os.version: '10.0', java.version: '1.8.0_172'
Driver info: org.openqa.selenium.chrome.ChromeDriver
Command: [a22bd8b34c3ad4cd97222dcc4ef22197, clickElement {id=9f16bce5-740d-4c9a-b533-0f181212e331}]
Capabilities {acceptInsecureCerts: false, browserName: chrome, browserVersion: 96.0.4664.110, chrome: {chromedriverVersion: 96.0.4664.45 (76e4c1bb2ab46..., userDataDir: C:\Users\laxmi\AppData\Loca...}, goog:chromeOptions: {debuggerAddress: localhost:60939}, javascriptEnabled: true, networkConnectionEnabled: false, pageLoadStrategy: normal, platform: WINDOWS, platformName: WINDOWS, proxy: Proxy(), se:cdp: ws://localhost:60939/devtoo..., se:cdpVersion: 96.0.4664.110, setWindowRect: true, strictFileInteractability: false, timeouts: {implicit: 0, pageLoad: 300000, script: 30000}, unhandledPromptBehavior: dismiss and notify, webauthn:extension:credBlob: true, webauthn:extension:largeBlob: true, webauthn:virtualAuthenticators: true}
Element: [[ChromeDriver: chrome on WINDOWS (a22bd8b34c3ad4cd97222dcc4ef22197)] -> xpath: //button[@id='toggle-hp-search']]
Session ID: a22bd8b34c3ad4cd97222dcc4ef22197
	at sun.reflect.NativeConstructorAccessorImpl.newInstance0(Native Method)
	at sun.reflect.NativeConstructorAccessorImpl.newInstance(NativeConstructorAccessorImpl.java:62)
	at sun.reflect.DelegatingConstructorAccessorImpl.newInstance(DelegatingConstructorAccessorImpl.java:45)
	at java.lang.reflect.Constructor.newInstance(Constructor.java:423)
	at org.openqa.selenium.remote.codec.w3c.W3CHttpResponseCodec.createException(W3CHttpResponseCodec.java:200)
	at org.openqa.selenium.remote.codec.w3c.W3CHttpResponseCodec.decode(W3CHttpResponseCodec.java:133)
	at org.openqa.selenium.remote.codec.w3c.W3CHttpResponseCodec.decode(W3CHttpResponseCodec.java:53)
	at org.openqa.selenium.remote.HttpCommandExecutor.execute(HttpCommandExecutor.java:184)
	at org.openqa.selenium.remote.service.DriverCommandExecutor.invokeExecute(DriverCommandExecutor.java:164)
	at org.openqa.selenium.remote.service.DriverCommandExecutor.execute(DriverCommandExecutor.java:139)
	at org.openqa.selenium.remote.RemoteWebDriver.execute(RemoteWebDriver.java:559)
	at org.openqa.selenium.remote.RemoteWebElement.execute(RemoteWebElement.java:251)
	at org.openqa.selenium.remote.RemoteWebElement.click(RemoteWebElement.java:77)
	at sun.reflect.NativeMethodAccessorImpl.invoke0(Native Method)
	at sun.reflect.NativeMethodAccessorImpl.invoke(NativeMethodAccessorImpl.java:62)
	at sun.reflect.DelegatingMethodAccessorImpl.invoke(DelegatingMethodAccessorImpl.java:43)
	at java.lang.reflect.Method.invoke(Method.java:498)
	at org.openqa.selenium.support.pagefactory.internal.LocatingElementHandler.invoke(LocatingElementHandler.java:52)
	at com.sun.proxy.$Proxy24.click(Unknown Source)
	at uk.co.library.utility.Utility.clickOnElement(Utility.java:71)
	at uk.co.library.pages.HomePage.clickOnMoreSearchOptionLink(HomePage.java:90)
	at uk.co.library.cucumber.steps.JobsearchSteps.iClickOnSearchMoreOptions(JobsearchSteps.java:21)
	at ✽.When I click on search more options(Jobsearch.feature:7)
</textarea></div>
					</li>
					<li test-id='84' class='node and skip' status='skip'><b>And</b>
						<span class="bdd-step-name">And I accept cookies</span>
							<div class='pre'>skipped</div>
					</li>
					<li test-id='85' class='node and skip' status='skip'><b>And</b>
						<span class="bdd-step-name">And I enter job title "Tester"</span>
							<div class='pre'>skipped</div>
					</li>
					<li test-id='86' class='node and skip' status='skip'><b>And</b>
						<span class="bdd-step-name">And I enter location "Central London"</span>
							<div class='pre'>skipped</div>
					</li>
					<li test-id='87' class='node and skip' status='skip'><b>And</b>
						<span class="bdd-step-name">And I enter distance "up to 15 miles"</span>
							<div class='pre'>skipped</div>
					</li>
					<li test-id='88' class='node and skip' status='skip'><b>And</b>
						<span class="bdd-step-name">And I enter salary minimum "60000"</span>
							<div class='pre'>skipped</div>
					</li>
					<li test-id='89' class='node and skip' status='skip'><b>And</b>
						<span class="bdd-step-name">And I enter salary maximum "90000"</span>
							<div class='pre'>skipped</div>
					</li>
					<li test-id='90' class='node and skip' status='skip'><b>And</b>
						<span class="bdd-step-name">And I select salary type "Per annum"</span>
							<div class='pre'>skipped</div>
					</li>
					<li test-id='91' class='node and skip' status='skip'><b>And</b>
						<span class="bdd-step-name">And I select job type "Permanent"</span>
							<div class='pre'>skipped</div>
					</li>
					<li test-id='92' class='node and skip' status='skip'><b>And</b>
						<span class="bdd-step-name">And I click on find jobs button</span>
							<div class='pre'>skipped</div>
					</li>
					<li test-id='93' class='node then skip' status='skip'><b>Then</b>
						<span class="bdd-step-name">Then I should be able to verify the result message "Permanent Tester jobs in Central London"</span>
						<ul class='screenshots right'>
							<li><a data-featherlight="image" href="C:\Users\laxmi\IdeaProjects\Homework\Cucumber-home-work-week-15-AutomationPractice\Cucumber-home-work-week-15-CvLibrary/src/main/java/com/demo/orangeHRM/screenshots/User_should_be_able_to_verify_Job_Search_Results_using_different_dataset20211215103319.png"><i class='material-icons'>panorama</i></a></li>
						</ul>
							<div class='pre'>skipped</div>
					</li>
				</ul>
		</li>
	</ul>
</div>
					</div>
				</li>
			</ul>
		</div>
	</div>
	<!-- subview left -->

	<div class='subview-right left'>
		<div class='view-summary'>
			<h5 class='test-name'></h5>

			<div id='step-filters' class="right">
				<span class="blue-text" status="info" alt="info" title="info"><i class="material-icons">info_outline</i></span>
				<span class="green-text" status="pass" alt="pass" title="pass"><i class="material-icons">check_circle</i></span>
				<span class="red-text" status="fail" alt="fail" title="fail"><i class="material-icons">cancel</i></span>
				<span class="red-text text-darken-4" status="fatal" alt="fatal" title="fatal"><i class="material-icons">cancel</i></span>
				<span class="pink-text text-lighten-1" status="error" alt="error" title="error"><i class="material-icons">error</i></span>
				<span class="orange-text" alt="warning" status="warning" title="warning"><i class="material-icons">warning</i></span>
				<span class="teal-text" status="skip" alt="skip" title="skip"><i class="material-icons">redo</i></span>
				<span status="clear" alt="Clear filters" title="Clear filters"><i class="material-icons">clear</i></span>
			</div>
		</div>
	</div>
	<!-- subview right -->

</div>
<!-- test view -->
<!-- category view -->
<div id='exception-view' class='view hide'>

    <section id='controls'>
        <div class='controls grey lighten-4'>
            <!-- search -->
            <div class='chip transparent' alt='Search Tests' title='Search Tests'>
                <a href="#" class='search-div'>
                    <i class='material-icons'>search</i> Search
                </a>

                <div class='input-field left hide'>
                    <input id='search-tests' type='text' class='validate browser-default' placeholder='Search Tests...'>
                </div>

            </div>
            <!-- search -->
        </div>
    </section>

    <div class='subview-left left'>

        <div class='view-summary'>
            <h5>Exceptions</h3>
                <ul id='exception-collection' class='exception-collection'>

                        <li class='exception displayed active'>
                            <div class='exception-heading'>
                                <span class='exception-name'>org.openqa.selenium.ElementClickInterceptedException</span>
                                <span class='exception-count right'><span class='label red lighten-1 white-text'>6</span></span>
                            </div>
                            <div class='exception-content hide'>
                                <div class='exception-tests'>
                                    <table class='bordered table-results'>
                                        <thead>
                                        <tr>
                                            <th>Timestamp</th>
                                            <th>TestName</th>
                                            <th>Status</th>
                                        </tr>
                                        </thead>
                                        <tbody>
                                                    <tr>
                                                        <td>Dec 15, 2021 10:32:45 PM</td>
                                                        <td class='linked' test-id='5'>Job Search.User should be able to verify Job Search Results using different dataset.User should be able to verify Job Search Results using different dataset.When I click on search more options</td>
                                                        <td><pre><textarea>org.openqa.selenium.ElementClickInterceptedException: element click intercepted: Element <button type="button" id="toggle-hp-search" aria-expanded="false">...</button> is not clickable at point (202, 341). Other element would receive the click: <iframe src="https://cmp-consent-tool.privacymanager.io/latest/index.html#/notice?theme=fadeToBlackTheme&amp;useSystemFonts=false&amp;cmpType=tcf" id="gdpr-consent-notice" class="faktor-iframe-wrapper" aria-label="Privacy Manager window" role="dialog" aria-modal="true" frameborder="0" scrolling="yes" style="width: 100%; left: 0px; bottom: 0px; position: fixed; z-index: 2147483647; box-shadow: rgba(0, 0, 0, 0.12) 0px 6px 30px 5px, rgba(0, 0, 0, 0.14) 0px 16px 24px 2px, rgba(0, 0, 0, 0.2) 0px 8px 10px -5px; height: 359px;"></iframe>
  (Session info: chrome=96.0.4664.110)
Build info: version: '4.0.0', revision: '3a21814679'
System info: host: 'LAPTOP-ECCE3OFG', ip: '192.168.1.74', os.name: 'Windows 10', os.arch: 'amd64', os.version: '10.0', java.version: '1.8.0_172'
Driver info: org.openqa.selenium.chrome.ChromeDriver
Command: [ad161f65d38a015dd8618ba39be24b76, clickElement {id=506c8977-0c44-4a0f-b6e8-cb743cf4812e}]
Capabilities {acceptInsecureCerts: false, browserName: chrome, browserVersion: 96.0.4664.110, chrome: {chromedriverVersion: 96.0.4664.45 (76e4c1bb2ab46..., userDataDir: C:\Users\laxmi\AppData\Loca...}, goog:chromeOptions: {debuggerAddress: localhost:60552}, javascriptEnabled: true, networkConnectionEnabled: false, pageLoadStrategy: normal, platform: WINDOWS, platformName: WINDOWS, proxy: Proxy(), se:cdp: ws://localhost:60552/devtoo..., se:cdpVersion: 96.0.4664.110, setWindowRect: true, strictFileInteractability: false, timeouts: {implicit: 0, pageLoad: 300000, script: 30000}, unhandledPromptBehavior: dismiss and notify, webauthn:extension:credBlob: true, webauthn:extension:largeBlob: true, webauthn:virtualAuthenticators: true}
Element: [[ChromeDriver: chrome on WINDOWS (ad161f65d38a015dd8618ba39be24b76)] -> xpath: //button[@id='toggle-hp-search']]
Session ID: ad161f65d38a015dd8618ba39be24b76
	at sun.reflect.NativeConstructorAccessorImpl.newInstance0(Native Method)
	at sun.reflect.NativeConstructorAccessorImpl.newInstance(NativeConstructorAccessorImpl.java:62)
	at sun.reflect.DelegatingConstructorAccessorImpl.newInstance(DelegatingConstructorAccessorImpl.java:45)
	at java.lang.reflect.Constructor.newInstance(Constructor.java:423)
	at org.openqa.selenium.remote.codec.w3c.W3CHttpResponseCodec.createException(W3CHttpResponseCodec.java:200)
	at org.openqa.selenium.remote.codec.w3c.W3CHttpResponseCodec.decode(W3CHttpResponseCodec.java:133)
	at org.openqa.selenium.remote.codec.w3c.W3CHttpResponseCodec.decode(W3CHttpResponseCodec.java:53)
	at org.openqa.selenium.remote.HttpCommandExecutor.execute(HttpCommandExecutor.java:184)
	at org.openqa.selenium.remote.service.DriverCommandExecutor.invokeExecute(DriverCommandExecutor.java:164)
	at org.openqa.selenium.remote.service.DriverCommandExecutor.execute(DriverCommandExecutor.java:139)
	at org.openqa.selenium.remote.RemoteWebDriver.execute(RemoteWebDriver.java:559)
	at org.openqa.selenium.remote.RemoteWebElement.execute(RemoteWebElement.java:251)
	at org.openqa.selenium.remote.RemoteWebElement.click(RemoteWebElement.java:77)
	at sun.reflect.NativeMethodAccessorImpl.invoke0(Native Method)
	at sun.reflect.NativeMethodAccessorImpl.invoke(NativeMethodAccessorImpl.java:62)
	at sun.reflect.DelegatingMethodAccessorImpl.invoke(DelegatingMethodAccessorImpl.java:43)
	at java.lang.reflect.Method.invoke(Method.java:498)
	at org.openqa.selenium.support.pagefactory.internal.LocatingElementHandler.invoke(LocatingElementHandler.java:52)
	at com.sun.proxy.$Proxy24.click(Unknown Source)
	at uk.co.library.utility.Utility.clickOnElement(Utility.java:71)
	at uk.co.library.pages.HomePage.clickOnMoreSearchOptionLink(HomePage.java:90)
	at uk.co.library.cucumber.steps.JobsearchSteps.iClickOnSearchMoreOptions(JobsearchSteps.java:21)
	at ✽.When I click on search more options(Jobsearch.feature:7)
</textarea></pre></td>
                                                    </tr>
                                                    <tr>
                                                        <td>Dec 15, 2021 10:32:50 PM</td>
                                                        <td class='linked' test-id='18'>Job Search.User should be able to verify Job Search Results using different dataset.User should be able to verify Job Search Results using different dataset.When I click on search more options</td>
                                                        <td><pre><textarea>org.openqa.selenium.ElementClickInterceptedException: element click intercepted: Element <button type="button" id="toggle-hp-search" aria-expanded="false">...</button> is not clickable at point (202, 341). Other element would receive the click: <iframe src="https://cmp-consent-tool.privacymanager.io/latest/index.html#/notice?theme=fadeToBlackTheme&amp;useSystemFonts=false&amp;cmpType=tcf" id="gdpr-consent-notice" class="faktor-iframe-wrapper" aria-label="Privacy Manager window" role="dialog" aria-modal="true" frameborder="0" scrolling="yes" style="width: 100%; left: 0px; bottom: 0px; position: fixed; z-index: 2147483647; box-shadow: rgba(0, 0, 0, 0.12) 0px 6px 30px 5px, rgba(0, 0, 0, 0.14) 0px 16px 24px 2px, rgba(0, 0, 0, 0.2) 0px 8px 10px -5px; height: 359px;"></iframe>
  (Session info: chrome=96.0.4664.110)
Build info: version: '4.0.0', revision: '3a21814679'
System info: host: 'LAPTOP-ECCE3OFG', ip: '192.168.1.74', os.name: 'Windows 10', os.arch: 'amd64', os.version: '10.0', java.version: '1.8.0_172'
Driver info: org.openqa.selenium.chrome.ChromeDriver
Command: [3d89fa0ed3b19e9b045f9e85eaa43676, clickElement {id=8baae2a1-80a3-45ab-84ba-3b702b35ce63}]
Capabilities {acceptInsecureCerts: false, browserName: chrome, browserVersion: 96.0.4664.110, chrome: {chromedriverVersion: 96.0.4664.45 (76e4c1bb2ab46..., userDataDir: C:\Users\laxmi\AppData\Loca...}, goog:chromeOptions: {debuggerAddress: localhost:60592}, javascriptEnabled: true, networkConnectionEnabled: false, pageLoadStrategy: normal, platform: WINDOWS, platformName: WINDOWS, proxy: Proxy(), se:cdp: ws://localhost:60592/devtoo..., se:cdpVersion: 96.0.4664.110, setWindowRect: true, strictFileInteractability: false, timeouts: {implicit: 0, pageLoad: 300000, script: 30000}, unhandledPromptBehavior: dismiss and notify, webauthn:extension:credBlob: true, webauthn:extension:largeBlob: true, webauthn:virtualAuthenticators: true}
Element: [[ChromeDriver: chrome on WINDOWS (3d89fa0ed3b19e9b045f9e85eaa43676)] -> xpath: //button[@id='toggle-hp-search']]
Session ID: 3d89fa0ed3b19e9b045f9e85eaa43676
	at sun.reflect.NativeConstructorAccessorImpl.newInstance0(Native Method)
	at sun.reflect.NativeConstructorAccessorImpl.newInstance(NativeConstructorAccessorImpl.java:62)
	at sun.reflect.DelegatingConstructorAccessorImpl.newInstance(DelegatingConstructorAccessorImpl.java:45)
	at java.lang.reflect.Constructor.newInstance(Constructor.java:423)
	at org.openqa.selenium.remote.codec.w3c.W3CHttpResponseCodec.createException(W3CHttpResponseCodec.java:200)
	at org.openqa.selenium.remote.codec.w3c.W3CHttpResponseCodec.decode(W3CHttpResponseCodec.java:133)
	at org.openqa.selenium.remote.codec.w3c.W3CHttpResponseCodec.decode(W3CHttpResponseCodec.java:53)
	at org.openqa.selenium.remote.HttpCommandExecutor.execute(HttpCommandExecutor.java:184)
	at org.openqa.selenium.remote.service.DriverCommandExecutor.invokeExecute(DriverCommandExecutor.java:164)
	at org.openqa.selenium.remote.service.DriverCommandExecutor.execute(DriverCommandExecutor.java:139)
	at org.openqa.selenium.remote.RemoteWebDriver.execute(RemoteWebDriver.java:559)
	at org.openqa.selenium.remote.RemoteWebElement.execute(RemoteWebElement.java:251)
	at org.openqa.selenium.remote.RemoteWebElement.click(RemoteWebElement.java:77)
	at sun.reflect.NativeMethodAccessorImpl.invoke0(Native Method)
	at sun.reflect.NativeMethodAccessorImpl.invoke(NativeMethodAccessorImpl.java:62)
	at sun.reflect.DelegatingMethodAccessorImpl.invoke(DelegatingMethodAccessorImpl.java:43)
	at java.lang.reflect.Method.invoke(Method.java:498)
	at org.openqa.selenium.support.pagefactory.internal.LocatingElementHandler.invoke(LocatingElementHandler.java:52)
	at com.sun.proxy.$Proxy24.click(Unknown Source)
	at uk.co.library.utility.Utility.clickOnElement(Utility.java:71)
	at uk.co.library.pages.HomePage.clickOnMoreSearchOptionLink(HomePage.java:90)
	at uk.co.library.cucumber.steps.JobsearchSteps.iClickOnSearchMoreOptions(JobsearchSteps.java:21)
	at ✽.When I click on search more options(Jobsearch.feature:7)
</textarea></pre></td>
                                                    </tr>
                                                    <tr>
                                                        <td>Dec 15, 2021 10:33:04 PM</td>
                                                        <td class='linked' test-id='44'>Job Search.User should be able to verify Job Search Results using different dataset.User should be able to verify Job Search Results using different dataset.When I click on search more options</td>
                                                        <td><pre><textarea>org.openqa.selenium.ElementClickInterceptedException: element click intercepted: Element <button type="button" id="toggle-hp-search" aria-expanded="false">...</button> is not clickable at point (202, 341). Other element would receive the click: <iframe src="https://cmp-consent-tool.privacymanager.io/latest/index.html#/notice?theme=fadeToBlackTheme&amp;useSystemFonts=false&amp;cmpType=tcf" id="gdpr-consent-notice" class="faktor-iframe-wrapper" aria-label="Privacy Manager window" role="dialog" aria-modal="true" frameborder="0" scrolling="yes" style="width: 100%; left: 0px; bottom: 0px; position: fixed; z-index: 2147483647; box-shadow: rgba(0, 0, 0, 0.12) 0px 6px 30px 5px, rgba(0, 0, 0, 0.14) 0px 16px 24px 2px, rgba(0, 0, 0, 0.2) 0px 8px 10px -5px; height: 359px;"></iframe>
  (Session info: chrome=96.0.4664.110)
Build info: version: '4.0.0', revision: '3a21814679'
System info: host: 'LAPTOP-ECCE3OFG', ip: '192.168.1.74', os.name: 'Windows 10', os.arch: 'amd64', os.version: '10.0', java.version: '1.8.0_172'
Driver info: org.openqa.selenium.chrome.ChromeDriver
Command: [43925f02ed18ab0cfcb848dfbc0adafb, clickElement {id=932a5567-5e6c-4d85-a18e-258e9cc4756c}]
Capabilities {acceptInsecureCerts: false, browserName: chrome, browserVersion: 96.0.4664.110, chrome: {chromedriverVersion: 96.0.4664.45 (76e4c1bb2ab46..., userDataDir: C:\Users\laxmi\AppData\Loca...}, goog:chromeOptions: {debuggerAddress: localhost:60819}, javascriptEnabled: true, networkConnectionEnabled: false, pageLoadStrategy: normal, platform: WINDOWS, platformName: WINDOWS, proxy: Proxy(), se:cdp: ws://localhost:60819/devtoo..., se:cdpVersion: 96.0.4664.110, setWindowRect: true, strictFileInteractability: false, timeouts: {implicit: 0, pageLoad: 300000, script: 30000}, unhandledPromptBehavior: dismiss and notify, webauthn:extension:credBlob: true, webauthn:extension:largeBlob: true, webauthn:virtualAuthenticators: true}
Element: [[ChromeDriver: chrome on WINDOWS (43925f02ed18ab0cfcb848dfbc0adafb)] -> xpath: //button[@id='toggle-hp-search']]
Session ID: 43925f02ed18ab0cfcb848dfbc0adafb
	at sun.reflect.NativeConstructorAccessorImpl.newInstance0(Native Method)
	at sun.reflect.NativeConstructorAccessorImpl.newInstance(NativeConstructorAccessorImpl.java:62)
	at sun.reflect.DelegatingConstructorAccessorImpl.newInstance(DelegatingConstructorAccessorImpl.java:45)
	at java.lang.reflect.Constructor.newInstance(Constructor.java:423)
	at org.openqa.selenium.remote.codec.w3c.W3CHttpResponseCodec.createException(W3CHttpResponseCodec.java:200)
	at org.openqa.selenium.remote.codec.w3c.W3CHttpResponseCodec.decode(W3CHttpResponseCodec.java:133)
	at org.openqa.selenium.remote.codec.w3c.W3CHttpResponseCodec.decode(W3CHttpResponseCodec.java:53)
	at org.openqa.selenium.remote.HttpCommandExecutor.execute(HttpCommandExecutor.java:184)
	at org.openqa.selenium.remote.service.DriverCommandExecutor.invokeExecute(DriverCommandExecutor.java:164)
	at org.openqa.selenium.remote.service.DriverCommandExecutor.execute(DriverCommandExecutor.java:139)
	at org.openqa.selenium.remote.RemoteWebDriver.execute(RemoteWebDriver.java:559)
	at org.openqa.selenium.remote.RemoteWebElement.execute(RemoteWebElement.java:251)
	at org.openqa.selenium.remote.RemoteWebElement.click(RemoteWebElement.java:77)
	at sun.reflect.NativeMethodAccessorImpl.invoke0(Native Method)
	at sun.reflect.NativeMethodAccessorImpl.invoke(NativeMethodAccessorImpl.java:62)
	at sun.reflect.DelegatingMethodAccessorImpl.invoke(DelegatingMethodAccessorImpl.java:43)
	at java.lang.reflect.Method.invoke(Method.java:498)
	at org.openqa.selenium.support.pagefactory.internal.LocatingElementHandler.invoke(LocatingElementHandler.java:52)
	at com.sun.proxy.$Proxy24.click(Unknown Source)
	at uk.co.library.utility.Utility.clickOnElement(Utility.java:71)
	at uk.co.library.pages.HomePage.clickOnMoreSearchOptionLink(HomePage.java:90)
	at uk.co.library.cucumber.steps.JobsearchSteps.iClickOnSearchMoreOptions(JobsearchSteps.java:21)
	at ✽.When I click on search more options(Jobsearch.feature:7)
</textarea></pre></td>
                                                    </tr>
                                                    <tr>
                                                        <td>Dec 15, 2021 10:33:09 PM</td>
                                                        <td class='linked' test-id='57'>Job Search.User should be able to verify Job Search Results using different dataset.User should be able to verify Job Search Results using different dataset.When I click on search more options</td>
                                                        <td><pre><textarea>org.openqa.selenium.ElementClickInterceptedException: element click intercepted: Element <button type="button" id="toggle-hp-search" aria-expanded="false">...</button> is not clickable at point (202, 341). Other element would receive the click: <iframe src="https://cmp-consent-tool.privacymanager.io/latest/index.html#/notice?theme=fadeToBlackTheme&amp;useSystemFonts=false&amp;cmpType=tcf" id="gdpr-consent-notice" class="faktor-iframe-wrapper" aria-label="Privacy Manager window" role="dialog" aria-modal="true" frameborder="0" scrolling="yes" style="width: 100%; left: 0px; bottom: 0px; position: fixed; z-index: 2147483647; box-shadow: rgba(0, 0, 0, 0.12) 0px 6px 30px 5px, rgba(0, 0, 0, 0.14) 0px 16px 24px 2px, rgba(0, 0, 0, 0.2) 0px 8px 10px -5px; height: 359px;"></iframe>
  (Session info: chrome=96.0.4664.110)
Build info: version: '4.0.0', revision: '3a21814679'
System info: host: 'LAPTOP-ECCE3OFG', ip: '192.168.1.74', os.name: 'Windows 10', os.arch: 'amd64', os.version: '10.0', java.version: '1.8.0_172'
Driver info: org.openqa.selenium.chrome.ChromeDriver
Command: [100873c533f1474a50dfac3745a1c7e0, clickElement {id=7d029ced-9a60-4d44-8423-c9206cf32787}]
Capabilities {acceptInsecureCerts: false, browserName: chrome, browserVersion: 96.0.4664.110, chrome: {chromedriverVersion: 96.0.4664.45 (76e4c1bb2ab46..., userDataDir: C:\Users\laxmi\AppData\Loca...}, goog:chromeOptions: {debuggerAddress: localhost:60859}, javascriptEnabled: true, networkConnectionEnabled: false, pageLoadStrategy: normal, platform: WINDOWS, platformName: WINDOWS, proxy: Proxy(), se:cdp: ws://localhost:60859/devtoo..., se:cdpVersion: 96.0.4664.110, setWindowRect: true, strictFileInteractability: false, timeouts: {implicit: 0, pageLoad: 300000, script: 30000}, unhandledPromptBehavior: dismiss and notify, webauthn:extension:credBlob: true, webauthn:extension:largeBlob: true, webauthn:virtualAuthenticators: true}
Element: [[ChromeDriver: chrome on WINDOWS (100873c533f1474a50dfac3745a1c7e0)] -> xpath: //button[@id='toggle-hp-search']]
Session ID: 100873c533f1474a50dfac3745a1c7e0
	at sun.reflect.NativeConstructorAccessorImpl.newInstance0(Native Method)
	at sun.reflect.NativeConstructorAccessorImpl.newInstance(NativeConstructorAccessorImpl.java:62)
	at sun.reflect.DelegatingConstructorAccessorImpl.newInstance(DelegatingConstructorAccessorImpl.java:45)
	at java.lang.reflect.Constructor.newInstance(Constructor.java:423)
	at org.openqa.selenium.remote.codec.w3c.W3CHttpResponseCodec.createException(W3CHttpResponseCodec.java:200)
	at org.openqa.selenium.remote.codec.w3c.W3CHttpResponseCodec.decode(W3CHttpResponseCodec.java:133)
	at org.openqa.selenium.remote.codec.w3c.W3CHttpResponseCodec.decode(W3CHttpResponseCodec.java:53)
	at org.openqa.selenium.remote.HttpCommandExecutor.execute(HttpCommandExecutor.java:184)
	at org.openqa.selenium.remote.service.DriverCommandExecutor.invokeExecute(DriverCommandExecutor.java:164)
	at org.openqa.selenium.remote.service.DriverCommandExecutor.execute(DriverCommandExecutor.java:139)
	at org.openqa.selenium.remote.RemoteWebDriver.execute(RemoteWebDriver.java:559)
	at org.openqa.selenium.remote.RemoteWebElement.execute(RemoteWebElement.java:251)
	at org.openqa.selenium.remote.RemoteWebElement.click(RemoteWebElement.java:77)
	at sun.reflect.NativeMethodAccessorImpl.invoke0(Native Method)
	at sun.reflect.NativeMethodAccessorImpl.invoke(NativeMethodAccessorImpl.java:62)
	at sun.reflect.DelegatingMethodAccessorImpl.invoke(DelegatingMethodAccessorImpl.java:43)
	at java.lang.reflect.Method.invoke(Method.java:498)
	at org.openqa.selenium.support.pagefactory.internal.LocatingElementHandler.invoke(LocatingElementHandler.java:52)
	at com.sun.proxy.$Proxy24.click(Unknown Source)
	at uk.co.library.utility.Utility.clickOnElement(Utility.java:71)
	at uk.co.library.pages.HomePage.clickOnMoreSearchOptionLink(HomePage.java:90)
	at uk.co.library.cucumber.steps.JobsearchSteps.iClickOnSearchMoreOptions(JobsearchSteps.java:21)
	at ✽.When I click on search more options(Jobsearch.feature:7)
</textarea></pre></td>
                                                    </tr>
                                                    <tr>
                                                        <td>Dec 15, 2021 10:33:13 PM</td>
                                                        <td class='linked' test-id='70'>Job Search.User should be able to verify Job Search Results using different dataset.User should be able to verify Job Search Results using different dataset.When I click on search more options</td>
                                                        <td><pre><textarea>org.openqa.selenium.ElementClickInterceptedException: element click intercepted: Element <button type="button" id="toggle-hp-search" aria-expanded="false">...</button> is not clickable at point (202, 341). Other element would receive the click: <iframe src="https://cmp-consent-tool.privacymanager.io/latest/index.html#/notice?theme=fadeToBlackTheme&amp;useSystemFonts=false&amp;cmpType=tcf" id="gdpr-consent-notice" class="faktor-iframe-wrapper" aria-label="Privacy Manager window" role="dialog" aria-modal="true" frameborder="0" scrolling="yes" style="width: 100%; left: 0px; bottom: 0px; position: fixed; z-index: 2147483647; box-shadow: rgba(0, 0, 0, 0.12) 0px 6px 30px 5px, rgba(0, 0, 0, 0.14) 0px 16px 24px 2px, rgba(0, 0, 0, 0.2) 0px 8px 10px -5px; height: 359px;"></iframe>
  (Session info: chrome=96.0.4664.110)
Build info: version: '4.0.0', revision: '3a21814679'
System info: host: 'LAPTOP-ECCE3OFG', ip: '192.168.1.74', os.name: 'Windows 10', os.arch: 'amd64', os.version: '10.0', java.version: '1.8.0_172'
Driver info: org.openqa.selenium.chrome.ChromeDriver
Command: [f1feabf99247bb81438b7a9066d22de1, clickElement {id=f1df1822-b4ad-436c-a464-1d0dff044c23}]
Capabilities {acceptInsecureCerts: false, browserName: chrome, browserVersion: 96.0.4664.110, chrome: {chromedriverVersion: 96.0.4664.45 (76e4c1bb2ab46..., userDataDir: C:\Users\laxmi\AppData\Loca...}, goog:chromeOptions: {debuggerAddress: localhost:60899}, javascriptEnabled: true, networkConnectionEnabled: false, pageLoadStrategy: normal, platform: WINDOWS, platformName: WINDOWS, proxy: Proxy(), se:cdp: ws://localhost:60899/devtoo..., se:cdpVersion: 96.0.4664.110, setWindowRect: true, strictFileInteractability: false, timeouts: {implicit: 0, pageLoad: 300000, script: 30000}, unhandledPromptBehavior: dismiss and notify, webauthn:extension:credBlob: true, webauthn:extension:largeBlob: true, webauthn:virtualAuthenticators: true}
Element: [[ChromeDriver: chrome on WINDOWS (f1feabf99247bb81438b7a9066d22de1)] -> xpath: //button[@id='toggle-hp-search']]
Session ID: f1feabf99247bb81438b7a9066d22de1
	at sun.reflect.NativeConstructorAccessorImpl.newInstance0(Native Method)
	at sun.reflect.NativeConstructorAccessorImpl.newInstance(NativeConstructorAccessorImpl.java:62)
	at sun.reflect.DelegatingConstructorAccessorImpl.newInstance(DelegatingConstructorAccessorImpl.java:45)
	at java.lang.reflect.Constructor.newInstance(Constructor.java:423)
	at org.openqa.selenium.remote.codec.w3c.W3CHttpResponseCodec.createException(W3CHttpResponseCodec.java:200)
	at org.openqa.selenium.remote.codec.w3c.W3CHttpResponseCodec.decode(W3CHttpResponseCodec.java:133)
	at org.openqa.selenium.remote.codec.w3c.W3CHttpResponseCodec.decode(W3CHttpResponseCodec.java:53)
	at org.openqa.selenium.remote.HttpCommandExecutor.execute(HttpCommandExecutor.java:184)
	at org.openqa.selenium.remote.service.DriverCommandExecutor.invokeExecute(DriverCommandExecutor.java:164)
	at org.openqa.selenium.remote.service.DriverCommandExecutor.execute(DriverCommandExecutor.java:139)
	at org.openqa.selenium.remote.RemoteWebDriver.execute(RemoteWebDriver.java:559)
	at org.openqa.selenium.remote.RemoteWebElement.execute(RemoteWebElement.java:251)
	at org.openqa.selenium.remote.RemoteWebElement.click(RemoteWebElement.java:77)
	at sun.reflect.NativeMethodAccessorImpl.invoke0(Native Method)
	at sun.reflect.NativeMethodAccessorImpl.invoke(NativeMethodAccessorImpl.java:62)
	at sun.reflect.DelegatingMethodAccessorImpl.invoke(DelegatingMethodAccessorImpl.java:43)
	at java.lang.reflect.Method.invoke(Method.java:498)
	at org.openqa.selenium.support.pagefactory.internal.LocatingElementHandler.invoke(LocatingElementHandler.java:52)
	at com.sun.proxy.$Proxy24.click(Unknown Source)
	at uk.co.library.utility.Utility.clickOnElement(Utility.java:71)
	at uk.co.library.pages.HomePage.clickOnMoreSearchOptionLink(HomePage.java:90)
	at uk.co.library.cucumber.steps.JobsearchSteps.iClickOnSearchMoreOptions(JobsearchSteps.java:21)
	at ✽.When I click on search more options(Jobsearch.feature:7)
</textarea></pre></td>
                                                    </tr>
                                                    <tr>
                                                        <td>Dec 15, 2021 10:33:18 PM</td>
                                                        <td class='linked' test-id='83'>Job Search.User should be able to verify Job Search Results using different dataset.User should be able to verify Job Search Results using different dataset.When I click on search more options</td>
                                                        <td><pre><textarea>org.openqa.selenium.ElementClickInterceptedException: element click intercepted: Element <button type="button" id="toggle-hp-search" aria-expanded="false">...</button> is not clickable at point (202, 341). Other element would receive the click: <iframe src="https://cmp-consent-tool.privacymanager.io/latest/index.html#/notice?theme=fadeToBlackTheme&amp;useSystemFonts=false&amp;cmpType=tcf" id="gdpr-consent-notice" class="faktor-iframe-wrapper" aria-label="Privacy Manager window" role="dialog" aria-modal="true" frameborder="0" scrolling="yes" style="width: 100%; left: 0px; bottom: 0px; position: fixed; z-index: 2147483647; box-shadow: rgba(0, 0, 0, 0.12) 0px 6px 30px 5px, rgba(0, 0, 0, 0.14) 0px 16px 24px 2px, rgba(0, 0, 0, 0.2) 0px 8px 10px -5px; height: 359px;"></iframe>
  (Session info: chrome=96.0.4664.110)
Build info: version: '4.0.0', revision: '3a21814679'
System info: host: 'LAPTOP-ECCE3OFG', ip: '192.168.1.74', os.name: 'Windows 10', os.arch: 'amd64', os.version: '10.0', java.version: '1.8.0_172'
Driver info: org.openqa.selenium.chrome.ChromeDriver
Command: [a22bd8b34c3ad4cd97222dcc4ef22197, clickElement {id=9f16bce5-740d-4c9a-b533-0f181212e331}]
Capabilities {acceptInsecureCerts: false, browserName: chrome, browserVersion: 96.0.4664.110, chrome: {chromedriverVersion: 96.0.4664.45 (76e4c1bb2ab46..., userDataDir: C:\Users\laxmi\AppData\Loca...}, goog:chromeOptions: {debuggerAddress: localhost:60939}, javascriptEnabled: true, networkConnectionEnabled: false, pageLoadStrategy: normal, platform: WINDOWS, platformName: WINDOWS, proxy: Proxy(), se:cdp: ws://localhost:60939/devtoo..., se:cdpVersion: 96.0.4664.110, setWindowRect: true, strictFileInteractability: false, timeouts: {implicit: 0, pageLoad: 300000, script: 30000}, unhandledPromptBehavior: dismiss and notify, webauthn:extension:credBlob: true, webauthn:extension:largeBlob: true, webauthn:virtualAuthenticators: true}
Element: [[ChromeDriver: chrome on WINDOWS (a22bd8b34c3ad4cd97222dcc4ef22197)] -> xpath: //button[@id='toggle-hp-search']]
Session ID: a22bd8b34c3ad4cd97222dcc4ef22197
	at sun.reflect.NativeConstructorAccessorImpl.newInstance0(Native Method)
	at sun.reflect.NativeConstructorAccessorImpl.newInstance(NativeConstructorAccessorImpl.java:62)
	at sun.reflect.DelegatingConstructorAccessorImpl.newInstance(DelegatingConstructorAccessorImpl.java:45)
	at java.lang.reflect.Constructor.newInstance(Constructor.java:423)
	at org.openqa.selenium.remote.codec.w3c.W3CHttpResponseCodec.createException(W3CHttpResponseCodec.java:200)
	at org.openqa.selenium.remote.codec.w3c.W3CHttpResponseCodec.decode(W3CHttpResponseCodec.java:133)
	at org.openqa.selenium.remote.codec.w3c.W3CHttpResponseCodec.decode(W3CHttpResponseCodec.java:53)
	at org.openqa.selenium.remote.HttpCommandExecutor.execute(HttpCommandExecutor.java:184)
	at org.openqa.selenium.remote.service.DriverCommandExecutor.invokeExecute(DriverCommandExecutor.java:164)
	at org.openqa.selenium.remote.service.DriverCommandExecutor.execute(DriverCommandExecutor.java:139)
	at org.openqa.selenium.remote.RemoteWebDriver.execute(RemoteWebDriver.java:559)
	at org.openqa.selenium.remote.RemoteWebElement.execute(RemoteWebElement.java:251)
	at org.openqa.selenium.remote.RemoteWebElement.click(RemoteWebElement.java:77)
	at sun.reflect.NativeMethodAccessorImpl.invoke0(Native Method)
	at sun.reflect.NativeMethodAccessorImpl.invoke(NativeMethodAccessorImpl.java:62)
	at sun.reflect.DelegatingMethodAccessorImpl.invoke(DelegatingMethodAccessorImpl.java:43)
	at java.lang.reflect.Method.invoke(Method.java:498)
	at org.openqa.selenium.support.pagefactory.internal.LocatingElementHandler.invoke(LocatingElementHandler.java:52)
	at com.sun.proxy.$Proxy24.click(Unknown Source)
	at uk.co.library.utility.Utility.clickOnElement(Utility.java:71)
	at uk.co.library.pages.HomePage.clickOnMoreSearchOptionLink(HomePage.java:90)
	at uk.co.library.cucumber.steps.JobsearchSteps.iClickOnSearchMoreOptions(JobsearchSteps.java:21)
	at ✽.When I click on search more options(Jobsearch.feature:7)
</textarea></pre></td>
                                                    </tr>
                                        </tbody>
                                    </table>
                                </div>
                            </div>
                        </li>
                        <li class='exception displayed active'>
                            <div class='exception-heading'>
                                <span class='exception-name'>java.lang.AssertionError</span>
                                <span class='exception-count right'><span class='label red lighten-1 white-text'>1</span></span>
                            </div>
                            <div class='exception-content hide'>
                                <div class='exception-tests'>
                                    <table class='bordered table-results'>
                                        <thead>
                                        <tr>
                                            <th>Timestamp</th>
                                            <th>TestName</th>
                                            <th>Status</th>
                                        </tr>
                                        </thead>
                                        <tbody>
                                                    <tr>
                                                        <td>Dec 15, 2021 10:32:56 PM</td>
                                                        <td class='linked' test-id='41'>Job Search.User should be able to verify Job Search Results using different dataset.User should be able to verify Job Search Results using different dataset.Then I should be able to verify the result message "Permanent Software Engineer jobs in Stevenage"</td>
                                                        <td><pre><pre>java.lang.AssertionError: The following asserts failed:
	expected [Permanent Software Engineer jobs in Stevenage] but found [Permanent Software Engineer jobs]
	at org.testng.asserts.SoftAssert.assertAll(SoftAssert.java:43)
	at uk.co.library.pages.ResultPage.verifyTheResults(ResultPage.java:34)
	at uk.co.library.cucumber.steps.JobsearchSteps.iShouldBeAbleToVerifyTheResultMessage(JobsearchSteps.java:85)
	at ✽.Then I should be able to verify the result message "Permanent Software Engineer jobs in Stevenage"(Jobsearch.feature:17)
</pre></pre></td>
                                                    </tr>
                                        </tbody>
                                    </table>
                                </div>
                            </div>
                        </li>
                </ul>
        </div>
    </div>

    <div class='subview-right left'>
        <div class='view-summary'>
            <h5 class='exception-name'></h5>
        </div>
    </div>
</div>
<!-- exception view -->
<div id='dashboard-view' class='view hide'>
	<div class='card-panel transparent np-v'>
		<h5>Dashboard</h5>

		<div class='row'>
			<div class='col s2'>
				<div class='card-panel r'>
					Features
					<div class='panel-lead'>1</div>
				</div>
			</div>
			<div class='col s2'>
				<div class='card-panel r'>
					Scenarios
					<div class='panel-lead'>7</div>
				</div>
			</div>
			<div class='col s2'>
				<div class='card-panel r'>
					Steps
					<div class='panel-lead'>84</div>
				</div>
			</div>
			<div class='col s2'>
				<div class='card-panel r'>
					Start
					<div class='panel-lead'>Dec 15, 2021 10:32:40 PM</div>
				</div>
			</div>
			<div class='col s2'>
				<div class='card-panel r'>
			 		End
			 		<div class='panel-lead'>Dec 15, 2021 10:33:20 PM</div>
				</div>
			</div>
			<div class='col s2'>
				<div class='card-panel r'>
					Time Taken
					<div class='panel-lead'>39,894ms</div>
				</div>
			</div>
			<div class='col s4'>
				<div class='card-panel dashboard-environment'>
					<span class='right label cyan white-text'>Environment</span><p>&nbsp;</p>
					
					<table>
						<tr>
							<th>Name</th>
							<th>Value</th>
						</tr>
							<tr>
								<td>User Name</td>
								<td>laxmi</td>
							</tr>
							<tr>
								<td>Time Zone</td>
								<td>Europe/London</td>
							</tr>
							<tr>
								<td>Machine</td>
								<td>Windows 1064 Bit</td>
							</tr>
							<tr>
								<td>Selenium</td>
								<td>3.141.59</td>
							</tr>
							<tr>
								<td>Maven</td>
								<td>3.5.9</td>
							</tr>
							<tr>
								<td>Java Version</td>
								<td>1.8.0_151</td>
							</tr>
					</table>
				</div>
			</div>
		</div>
	</div>
</div>
<!-- dashboard view -->
<!-- testrunner-logs view -->
		</div>
		<!-- container -->

		<script>
			var statusGroup = {
				passParent: 0,
				failParent: 1,
				fatalParent: 0,
				errorParent: 0,
				warningParent: 0,
				skipParent: 0,
				exceptionsParent: 1,
				
				passChild: 0,
				failChild: 7,
				fatalChild: 0,
				errorChild: 0,
				warningChild: 0,
				skipChild: 0,
				infoChild: 0,
				exceptionsChild: 7,
				
				passGrandChild: 17,
				failGrandChild: 7,
				fatalGrandChild: 0,
				errorGrandChild: 0,
				warningGrandChild: 0,
				skipGrandChild: 60,
				infoGrandChild: 0,
				exceptionsGrandChild: 67,
			};
		</script>
		
			<script src='https://cdn.rawgit.com/anshooarora/extentreports-java/fca20fb7653aade98810546ab96a2a4360e3e712/dist/js/extent.js' type='text/javascript'></script>
		
		
 		<script type='text/javascript'>
 			
            
        $(document).ready(function() {

        });
      
        
 		</script>
	</body>
	
</html>
